  implementation.cpp
D:\Myschool\graduate_school\02Graduate\Research\My paper\EAPMAX\Experiment\EMPM_algorithm\EMPM_algorithm\implementation.cpp(164,11): warning C4244: “初始化”: 从“_Ty”转换到“int”，可能丢失数据
          with
          [
              _Ty=double
          ]
D:\Myschool\graduate_school\02Graduate\Research\My paper\EAPMAX\Experiment\EMPM_algorithm\EMPM_algorithm\implementation.cpp(182,13): warning C4244: “初始化”: 从“_Ty”转换到“int”，可能丢失数据
          with
          [
              _Ty=double
          ]
D:\Myschool\graduate_school\02Graduate\Research\My paper\EAPMAX\Experiment\EMPM_algorithm\EMPM_algorithm\implementation.cpp(346,20): warning C4244: “+=”: 从“_Ty”转换到“int”，可能丢失数据
          with
          [
              _Ty=double
          ]
D:\Myschool\graduate_school\02Graduate\Research\My paper\EAPMAX\Experiment\EMPM_algorithm\EMPM_algorithm\implementation.cpp(351,20): warning C4244: “+=”: 从“_Ty”转换到“int”，可能丢失数据
          with
          [
              _Ty=double
          ]
D:\Myschool\graduate_school\02Graduate\Research\My paper\EAPMAX\Experiment\EMPM_algorithm\EMPM_algorithm\implementation.cpp(261,1): warning C4267: “初始化”: 从“size_t”转换到“int”，可能丢失数据
D:\Myschool\graduate_school\02Graduate\Research\My paper\EAPMAX\Experiment\EMPM_algorithm\EMPM_algorithm\implementation.cpp(281): message : 查看对正在编译的函数 模板 实例化“bool EAPMAX::InvertMatrix<double>(const boost::numeric::ublas::matrix<double,boost::numeric::ublas::row_major,boost::numeric::ublas::unbounded_array<T,std::allocator<double>>> &,boost::numeric::ublas::matrix<T,boost::numeric::ublas::row_major,boost::numeric::ublas::unbounded_array<T,std::allocator<double>>> &)”的引用
          with
          [
              T=double
          ]
  正在生成代码
  2 of 880 functions ( 0.2%) were compiled, the rest were copied from previous compilation.
    0 functions were new in current compilation
    0 functions had inline decision re-evaluated but remain unchanged
  已完成代码的生成
  EMPM_algorithm.vcxproj -> D:\Myschool\graduate_school\02Graduate\Research\My paper\EAPMAX\Experiment\EMPM_algorithm\x64\Release\EMPM_algorithm.exe
